<?xml version="1.0" encoding="UTF-8"?>
<testsuite name="com.bmcl.numbers.ListDeduplicatorTest" tests="1" skipped="0" failures="0" errors="0" timestamp="2023-10-17T21:35:02" hostname="DESKTOP-NHTMFM1" time="0.001">
  <properties/>
  <testcase name="deduplicate()" classname="com.bmcl.numbers.ListDeduplicatorTest" time="0.001"/>
  <system-out><![CDATA[]]></system-out>
  <system-err><![CDATA[]]></system-err>
</testsuite>
