<?xml version="1.0" encoding="UTF-8"?>
<testsuite name="com.bmcl.numbers.ListAggregatorTest" tests="6" skipped="0" failures="0" errors="0" timestamp="2023-10-17T21:35:02" hostname="DESKTOP-NHTMFM1" time="0.012">
  <properties/>
  <testcase name="max_bug_8726()" classname="com.bmcl.numbers.ListAggregatorTest" time="0.009"/>
  <testcase name="maxbug7263()" classname="com.bmcl.numbers.ListAggregatorTest" time="0.001"/>
  <testcase name="max()" classname="com.bmcl.numbers.ListAggregatorTest" time="0.0"/>
  <testcase name="min()" classname="com.bmcl.numbers.ListAggregatorTest" time="0.001"/>
  <testcase name="sum()" classname="com.bmcl.numbers.ListAggregatorTest" time="0.0"/>
  <testcase name="distinct()" classname="com.bmcl.numbers.ListAggregatorTest" time="0.0"/>
  <system-out><![CDATA[]]></system-out>
  <system-err><![CDATA[]]></system-err>
</testsuite>
